z:\cs553\samplew\debug\sample.obj
z:\cs553\samplew\debug\vc100.pdb
z:\cs553~1\samplew\debug\sample.obj
z:\cs553~1\samplew\debug\vc100.pdb
k:\cs550\sample\debug\sample.obj
k:\cs550\sample\debug\vc100.pdb
k:\cs550\samplefreeglut\debug\sample.obj
k:\cs550\samplefreeglut\debug\vc100.pdb
z:\cs553\samplew\debug\sample.exe
z:\cs553\samplew\debug\sample.exe.intermediate.manifest
z:\cs553\samplew\debug\sample.pdb
z:\cs553~1\samplew\debug\sample.exe
z:\cs553~1\samplew\debug\sample.exe.intermediate.manifest
z:\cs553~1\samplew\debug\sample.pdb
k:\cs550\sample\debug\sample.exe
k:\cs550\sample\debug\sample.exe.intermediate.manifest
k:\cs550\sample\debug\sample.pdb
k:\cs550\samplefreeglut\debug\sample.pdb
k:\cs550\samplefreeglut\debug\sample.exe
y:\cs550\samplefreeglut\debug\vc120.pdb
y:\cs550\samplefreeglut\debug\vc120.idb
y:\cs550\samplefreeglut\debug\sample.obj
y:\cs550\samplefreeglut2015\debug\vc140.pdb
y:\cs550\samplefreeglut2015\debug\vc140.idb
y:\cs550\samplefreeglut2015\debug\sample.obj
y:\cs550\samplefreeglut2017\debug\vc141.pdb
y:\cs550\samplefreeglut2017\debug\vc141.idb
y:\cs550\samplefreeglut2017\debug\sample.obj
y:\cs491\bouncewrapper2017new\debug\sample.obj
y:\cs491\bouncewrapper2017new\debug\vc141.pdb
y:\cs491\particles2017new\debug\vc141.idb
y:\cs491\particles2017new\debug\sample.obj
y:\cs491\particles2017new\debug\vc141.pdb
y:\cs491\particles2017wrappernew\debug\sample.obj
y:\cs491\particles2017wrappernew\debug\vc141.pdb
y:\cs491\keyframe2017wrappernew\debug\vc141.idb
y:\cs491\keyframe2017wrappernew\debug\sample.obj
y:\cs491\keyframe2017wrappernew\debug\vc141.pdb
y:\cs491\keyframe2017new\debug\vc141.pdb
y:\cs491\keyframe2017new\debug\vc141.idb
y:\cs491\keyframe2017new\debug\sample.obj
y:\cs491\keytime2019\debug\vc142.pdb
y:\cs491\keytime2019\debug\sample.obj
y:\cs491\keytime2019wrapper\debug\vc142.pdb
y:\cs491\keytime2019wrapper\debug\sample.obj
y:\cs550\samplefreeglut\debug\sample.exe
y:\cs550\samplefreeglut\debug\sample.pdb
y:\cs550\samplefreeglut2015\debug\sample.exe
y:\cs550\samplefreeglut2015\debug\sample.pdb
y:\cs550\samplefreeglut2017\debug\sample.exe
y:\cs550\samplefreeglut2017\debug\sample.pdb
y:\cs491\bouncewrapper2017new\debug\sample.exe
y:\cs491\bouncewrapper2017new\debug\sample.pdb
y:\cs491\particles2017new\debug\sample.exe
y:\cs491\particles2017new\debug\sample.pdb
y:\cs491\particles2017wrappernew\debug\sample.exe
y:\cs491\particles2017wrappernew\debug\sample.pdb
y:\cs491\keyframe2017wrappernew\debug\sample.exe
y:\cs491\keyframe2017wrappernew\debug\sample.pdb
y:\cs491\keyframe2017new\debug\sample.exe
y:\cs491\keyframe2017new\debug\sample.pdb
y:\cs491\keytime2019\debug\sample.exe
y:\cs491\keytime2019\debug\sample.pdb
y:\cs491\keytime2019wrapper\debug\sample.exe
y:\cs491\keytime2019wrapper\debug\sample.pdb
c:\users\jacks\onedrive\desktop\keytime2019wrapper\debug\sample.vcxprojresolveassemblyreference.cache
c:\users\jacks\onedrive\desktop\keytime2019wrapper\debug\sample.obj
c:\users\jacks\onedrive\desktop\keytime2019wrapper\debug\cl.command.1.tlog
c:\users\jacks\onedrive\desktop\keytime2019wrapper\debug\cl.read.1.tlog
c:\users\jacks\onedrive\desktop\keytime2019wrapper\debug\cl.write.1.tlog
c:\users\jacks\onedrive\desktop\keytime2019wrapper\debug\link.command.1.tlog
c:\users\jacks\onedrive\desktop\keytime2019wrapper\debug\link.read.1.tlog
c:\users\jacks\onedrive\desktop\keytime2019wrapper\debug\link.write.1.tlog
c:\users\jacks\onedrive\desktop\keytime2019wrapper\debug\mt.command.1.tlog
c:\users\jacks\onedrive\desktop\keytime2019wrapper\debug\mt.read.1.tlog
c:\users\jacks\onedrive\desktop\keytime2019wrapper\debug\mt.write.1.tlog
c:\users\jacks\onedrive\desktop\keytime2019wrapper\debug\sample.write.1.tlog
c:\users\jacks\onedrive\desktop\keytime2019wrapper\debug\vc120.idb
c:\users\jacks\onedrive\desktop\keytime2019wrapper\debug\vc140.idb
c:\users\jacks\onedrive\desktop\keytime2019wrapper\debug\vc141.idb
c:\users\jacks\onedrive\desktop\keytime2019wrapper\debug\vc142.idb
c:\users\jacks\onedrive\desktop\keytime2019wrapper\debug\sample.pdb
c:\users\jacks\onedrive\desktop\keytime2019wrapper\debug\vc120.pdb
c:\users\jacks\onedrive\desktop\keytime2019wrapper\debug\vc140.pdb
c:\users\jacks\onedrive\desktop\keytime2019wrapper\debug\vc141.pdb
c:\users\jacks\onedrive\desktop\keytime2019wrapper\debug\vc142.pdb
c:\users\jacks\onedrive\desktop\keytime2019wrapper\debug\sample.exe
c:\users\jacks\onedrive\desktop\keytime2019wrapper\debug\sample.tlog\cl.command.1.tlog
c:\users\jacks\onedrive\desktop\keytime2019wrapper\debug\sample.tlog\cl.read.1.tlog
c:\users\jacks\onedrive\desktop\keytime2019wrapper\debug\sample.tlog\cl.write.1.tlog
c:\users\jacks\onedrive\desktop\keytime2019wrapper\debug\sample.tlog\link.command.1.tlog
c:\users\jacks\onedrive\desktop\keytime2019wrapper\debug\sample.tlog\link.delete.1.tlog
c:\users\jacks\onedrive\desktop\keytime2019wrapper\debug\sample.tlog\link.read.1.tlog
c:\users\jacks\onedrive\desktop\keytime2019wrapper\debug\sample.tlog\link.write.1.tlog
